<?xml version="1.0" encoding="UTF-8"?>
<testsuite xmlns:xsi="http://www.w3.org/2001/XMLSchema-instance" xsi:noNamespaceSchemaLocation="https://maven.apache.org/surefire/maven-surefire-plugin/xsd/surefire-test-report-3.0.xsd" version="3.0" name="com.learning.app.LearningJavaApplicationTests" time="64.533" tests="1" errors="0" skipped="0" failures="0">
  <properties>
[...]
</properties>
  <testcase name="contextLoads" classname="com.learning.app.LearningJavaApplicationTests" time="5.965">
    <system-out><![CDATA[23:06:35.062 [main] INFO org.springframework.test.context.support.AnnotationConfigContextLoaderUtils -- Could not detect default configuration classes for test class [com.learning.app.LearningJavaApplicationTests]: LearningJavaApplicationTests does not declare any static, non-private, non-final, nested classes annotated with @Configuration.
23:06:36.193 [main] INFO org.springframework.boot.test.context.SpringBootTestContextBootstrapper -- Found @SpringBootConfiguration com.learning.app.LearningJavaApplication for test class com.learning.app.LearningJavaApplicationTests
23:06:37.871 [main] INFO org.springframework.boot.devtools.restart.RestartApplicationListener -- Restart disabled due to context in which it is running

  .   ____          _            __ _ _
 /\\ / ___'_ __ _ _(_)_ __  __ _ \ \ \ \
( ( )\___ | '_ | '_| | '_ \/ _` | \ \ \ \
 \\/  ___)| |_)| | | | | || (_| |  ) ) ) )
  '  |____| .__|_| |_|_| |_\__, | / / / /
 =========|_|==============|___/=/_/_/_/

 :: Spring Boot ::                (v3.3.1)

2024-09-11T23:06:47.070-05:00  INFO 10492 --- [Learning_Java] [           main] c.l.app.LearningJavaApplicationTests     : Starting LearningJavaApplicationTests using Java 17.0.10 with PID 10492 (started by Diego in F:\Learn_Java\Learning_Java\Backend)
2024-09-11T23:06:47.074-05:00  INFO 10492 --- [Learning_Java] [           main] c.l.app.LearningJavaApplicationTests     : No active profile set, falling back to 1 default profile: "default"
2024-09-11T23:07:06.187-05:00  INFO 10492 --- [Learning_Java] [           main] .s.d.r.c.RepositoryConfigurationDelegate : Bootstrapping Spring Data MongoDB repositories in DEFAULT mode.
2024-09-11T23:07:06.608-05:00  INFO 10492 --- [Learning_Java] [           main] .s.d.r.c.RepositoryConfigurationDelegate : Finished Spring Data repository scanning in 381 ms. Found 10 MongoDB repository interfaces.
2024-09-11T23:07:10.642-05:00  INFO 10492 --- [Learning_Java] [abn.mongodb.net] org.mongodb.driver.cluster               : Adding discovered server ac-ws4x5nn-shard-00-01.i4hwabn.mongodb.net:27017 to client view of cluster
2024-09-11T23:07:12.671-05:00  INFO 10492 --- [Learning_Java] [           main] org.mongodb.driver.client                : MongoClient with metadata {"driver": {"name": "mongo-java-driver|sync|spring-boot", "version": "5.0.1"}, "os": {"type": "Windows", "name": "Windows 10", "architecture": "amd64", "version": "10.0"}, "platform": "Java/Eclipse Adoptium/17.0.10+7"} created with settings MongoClientSettings{readPreference=primary, writeConcern=WriteConcern{w=null, wTimeout=null ms, journal=null}, retryWrites=true, retryReads=true, readConcern=ReadConcern{level=null}, credential=MongoCredential{mechanism=null, userName='fabiamcito46', source='admin', password=<hidden>, mechanismProperties=<hidden>}, transportSettings=null, commandListeners=[], codecRegistry=ProvidersCodecRegistry{codecProviders=[ValueCodecProvider{}, BsonValueCodecProvider{}, DBRefCodecProvider{}, DBObjectCodecProvider{}, DocumentCodecProvider{}, CollectionCodecProvider{}, IterableCodecProvider{}, MapCodecProvider{}, GeoJsonCodecProvider{}, GridFSFileCodecProvider{}, Jsr310CodecProvider{}, JsonObjectCodecProvider{}, BsonCodecProvider{}, EnumCodecProvider{}, com.mongodb.client.model.mql.ExpressionCodecProvider@724bf25f, com.mongodb.Jep395RecordCodecProvider@2abafa97, com.mongodb.KotlinCodecProvider@6f6cc7da]}, loggerSettings=LoggerSettings{maxDocumentLength=1000}, clusterSettings={hosts=[127.0.0.1:27017], srvHost=diegocediel.i4hwabn.mongodb.net, srvServiceName=mongodb, mode=MULTIPLE, requiredClusterType=REPLICA_SET, requiredReplicaSetName='atlas-aojykr-shard-0', serverSelector='null', clusterListeners='[]', serverSelectionTimeout='30000 ms', localThreshold='15 ms'}, socketSettings=SocketSettings{connectTimeoutMS=10000, readTimeoutMS=0, receiveBufferSize=0, proxySettings=ProxySettings{host=null, port=null, username=null, password=null}}, heartbeatSocketSettings=SocketSettings{connectTimeoutMS=10000, readTimeoutMS=10000, receiveBufferSize=0, proxySettings=ProxySettings{host=null, port=null, username=null, password=null}}, connectionPoolSettings=ConnectionPoolSettings{maxSize=100, minSize=0, maxWaitTimeMS=120000, maxConnectionLifeTimeMS=0, maxConnectionIdleTimeMS=0, maintenanceInitialDelayMS=0, maintenanceFrequencyMS=60000, connectionPoolListeners=[], maxConnecting=2}, serverSettings=ServerSettings{heartbeatFrequencyMS=10000, minHeartbeatFrequencyMS=500, serverListeners='[]', serverMonitorListeners='[]'}, sslSettings=SslSettings{enabled=true, invalidHostNameAllowed=false, context=null}, applicationName='null', compressorList=[], uuidRepresentation=JAVA_LEGACY, serverApi=null, autoEncryptionSettings=null, dnsClient=null, inetAddressResolver=null, contextProvider=null}
2024-09-11T23:07:14.624-05:00  INFO 10492 --- [Learning_Java] [abn.mongodb.net] org.mongodb.driver.cluster               : Adding discovered server ac-ws4x5nn-shard-00-00.i4hwabn.mongodb.net:27017 to client view of cluster
2024-09-11T23:07:14.633-05:00  INFO 10492 --- [Learning_Java] [abn.mongodb.net] org.mongodb.driver.cluster               : Adding discovered server ac-ws4x5nn-shard-00-02.i4hwabn.mongodb.net:27017 to client view of cluster
2024-09-11T23:07:18.522-05:00  INFO 10492 --- [Learning_Java] [ngodb.net:27017] org.mongodb.driver.cluster               : Monitor thread successfully connected to server with description ServerDescription{address=ac-ws4x5nn-shard-00-02.i4hwabn.mongodb.net:27017, type=REPLICA_SET_SECONDARY, state=CONNECTED, ok=true, minWireVersion=0, maxWireVersion=21, maxDocumentSize=16777216, logicalSessionTimeoutMinutes=30, roundTripTimeNanos=1814994700, setName='atlas-aojykr-shard-0', canonicalAddress=ac-ws4x5nn-shard-00-02.i4hwabn.mongodb.net:27017, hosts=[ac-ws4x5nn-shard-00-01.i4hwabn.mongodb.net:27017, ac-ws4x5nn-shard-00-02.i4hwabn.mongodb.net:27017, ac-ws4x5nn-shard-00-00.i4hwabn.mongodb.net:27017], passives=[], arbiters=[], primary='ac-ws4x5nn-shard-00-01.i4hwabn.mongodb.net:27017', tagSet=TagSet{[Tag{name='availabilityZone', value='use1-az5'}, Tag{name='diskState', value='READY'}, Tag{name='nodeType', value='ELECTABLE'}, Tag{name='provider', value='AWS'}, Tag{name='region', value='US_EAST_1'}, Tag{name='workloadType', value='OPERATIONAL'}]}, electionId=null, setVersion=228, topologyVersion=TopologyVersion{processId=66dfa38c332baeb8878fde59, counter=3}, lastWriteDate=Wed Sep 11 23:07:19 COT 2024, lastUpdateTimeNanos=2345453943169500}
2024-09-11T23:07:18.551-05:00  INFO 10492 --- [Learning_Java] [ngodb.net:27017] org.mongodb.driver.cluster               : Monitor thread successfully connected to server with description ServerDescription{address=ac-ws4x5nn-shard-00-00.i4hwabn.mongodb.net:27017, type=REPLICA_SET_SECONDARY, state=CONNECTED, ok=true, minWireVersion=0, maxWireVersion=21, maxDocumentSize=16777216, logicalSessionTimeoutMinutes=30, roundTripTimeNanos=1880677100, setName='atlas-aojykr-shard-0', canonicalAddress=ac-ws4x5nn-shard-00-00.i4hwabn.mongodb.net:27017, hosts=[ac-ws4x5nn-shard-00-01.i4hwabn.mongodb.net:27017, ac-ws4x5nn-shard-00-02.i4hwabn.mongodb.net:27017, ac-ws4x5nn-shard-00-00.i4hwabn.mongodb.net:27017], passives=[], arbiters=[], primary='ac-ws4x5nn-shard-00-01.i4hwabn.mongodb.net:27017', tagSet=TagSet{[Tag{name='availabilityZone', value='use1-az1'}, Tag{name='diskState', value='READY'}, Tag{name='nodeType', value='ELECTABLE'}, Tag{name='provider', value='AWS'}, Tag{name='region', value='US_EAST_1'}, Tag{name='workloadType', value='OPERATIONAL'}]}, electionId=null, setVersion=228, topologyVersion=TopologyVersion{processId=66dfa1b4fca8e9044fa4922d, counter=4}, lastWriteDate=Wed Sep 11 23:07:19 COT 2024, lastUpdateTimeNanos=2345453989044300}
2024-09-11T23:07:18.556-05:00  INFO 10492 --- [Learning_Java] [ngodb.net:27017] org.mongodb.driver.cluster               : Monitor thread successfully connected to server with description ServerDescription{address=ac-ws4x5nn-shard-00-01.i4hwabn.mongodb.net:27017, type=REPLICA_SET_PRIMARY, state=CONNECTED, ok=true, minWireVersion=0, maxWireVersion=21, maxDocumentSize=16777216, logicalSessionTimeoutMinutes=30, roundTripTimeNanos=1890778200, setName='atlas-aojykr-shard-0', canonicalAddress=ac-ws4x5nn-shard-00-01.i4hwabn.mongodb.net:27017, hosts=[ac-ws4x5nn-shard-00-01.i4hwabn.mongodb.net:27017, ac-ws4x5nn-shard-00-02.i4hwabn.mongodb.net:27017, ac-ws4x5nn-shard-00-00.i4hwabn.mongodb.net:27017], passives=[], arbiters=[], primary='ac-ws4x5nn-shard-00-01.i4hwabn.mongodb.net:27017', tagSet=TagSet{[Tag{name='availabilityZone', value='use1-az2'}, Tag{name='diskState', value='READY'}, Tag{name='nodeType', value='ELECTABLE'}, Tag{name='provider', value='AWS'}, Tag{name='region', value='US_EAST_1'}, Tag{name='workloadType', value='OPERATIONAL'}]}, electionId=7fffffff00000000000001b5, setVersion=228, topologyVersion=TopologyVersion{processId=66dfa072f3b766eba4045412, counter=6}, lastWriteDate=Wed Sep 11 23:07:19 COT 2024, lastUpdateTimeNanos=2345453994997600}
2024-09-11T23:07:18.560-05:00  INFO 10492 --- [Learning_Java] [ngodb.net:27017] org.mongodb.driver.cluster               : Discovered replica set primary ac-ws4x5nn-shard-00-01.i4hwabn.mongodb.net:27017 with max election id 7fffffff00000000000001b5 and max set version 228
2024-09-11T23:07:22.109-05:00  INFO 10492 --- [Learning_Java] [           main] r$InitializeUserDetailsManagerConfigurer : Global AuthenticationManager configured with UserDetailsService bean with name userService
2024-09-11T23:07:30.171-05:00  INFO 10492 --- [Learning_Java] [           main] c.l.app.LearningJavaApplicationTests     : Started LearningJavaApplicationTests in 52.416 seconds (process running for 64.76)
]]></system-out>
  </testcase>
</testsuite>