<?xml version="1.0" encoding="UTF-8"?>
<testsuite xmlns:xsi="http://www.w3.org/2001/XMLSchema-instance" xsi:noNamespaceSchemaLocation="https://maven.apache.org/surefire/maven-surefire-plugin/xsd/surefire-test-report-3.0.xsd" version="3.0" name="com.learning.app.LearningJavaApplicationTests" time="34.898" tests="1" errors="0" skipped="0" failures="0">
  <properties>
[...]
</properties>
  <testcase name="contextLoads" classname="com.learning.app.LearningJavaApplicationTests" time="6.348">
    <system-out><![CDATA[21:15:31.322 [main] INFO org.springframework.test.context.support.AnnotationConfigContextLoaderUtils -- Could not detect default configuration classes for test class [com.learning.app.LearningJavaApplicationTests]: LearningJavaApplicationTests does not declare any static, non-private, non-final, nested classes annotated with @Configuration.
21:15:32.299 [main] INFO org.springframework.boot.test.context.SpringBootTestContextBootstrapper -- Found @SpringBootConfiguration com.learning.app.LearningJavaApplication for test class com.learning.app.LearningJavaApplicationTests
21:15:34.262 [main] INFO org.springframework.boot.devtools.restart.RestartApplicationListener -- Restart disabled due to context in which it is running

  .   ____          _            __ _ _
 /\\ / ___'_ __ _ _(_)_ __  __ _ \ \ \ \
( ( )\___ | '_ | '_| | '_ \/ _` | \ \ \ \
 \\/  ___)| |_)| | | | | || (_| |  ) ) ) )
  '  |____| .__|_| |_|_| |_\__, | / / / /
 =========|_|==============|___/=/_/_/_/

 :: Spring Boot ::                (v3.3.1)

2024-09-12T21:15:36.379-05:00  INFO 13272 --- [Learning_Java] [           main] c.l.app.LearningJavaApplicationTests     : Starting LearningJavaApplicationTests using Java 17.0.10 with PID 13272 (started by Diego in F:\BackendLeraningJAVA)
2024-09-12T21:15:36.386-05:00  INFO 13272 --- [Learning_Java] [           main] c.l.app.LearningJavaApplicationTests     : No active profile set, falling back to 1 default profile: "default"
2024-09-12T21:15:43.960-05:00  INFO 13272 --- [Learning_Java] [           main] .s.d.r.c.RepositoryConfigurationDelegate : Bootstrapping Spring Data MongoDB repositories in DEFAULT mode.
2024-09-12T21:15:44.403-05:00  INFO 13272 --- [Learning_Java] [           main] .s.d.r.c.RepositoryConfigurationDelegate : Finished Spring Data repository scanning in 415 ms. Found 10 MongoDB repository interfaces.
2024-09-12T21:15:48.181-05:00  INFO 13272 --- [Learning_Java] [abn.mongodb.net] org.mongodb.driver.cluster               : Adding discovered server ac-ws4x5nn-shard-00-01.i4hwabn.mongodb.net:27017 to client view of cluster
2024-09-12T21:15:48.433-05:00  INFO 13272 --- [Learning_Java] [           main] org.mongodb.driver.client                : MongoClient with metadata {"driver": {"name": "mongo-java-driver|sync|spring-boot", "version": "5.0.1"}, "os": {"type": "Windows", "name": "Windows 10", "architecture": "amd64", "version": "10.0"}, "platform": "Java/Eclipse Adoptium/17.0.10+7"} created with settings MongoClientSettings{readPreference=primary, writeConcern=WriteConcern{w=null, wTimeout=null ms, journal=null}, retryWrites=true, retryReads=true, readConcern=ReadConcern{level=null}, credential=MongoCredential{mechanism=null, userName='fabiamcito46', source='admin', password=<hidden>, mechanismProperties=<hidden>}, transportSettings=null, commandListeners=[], codecRegistry=ProvidersCodecRegistry{codecProviders=[ValueCodecProvider{}, BsonValueCodecProvider{}, DBRefCodecProvider{}, DBObjectCodecProvider{}, DocumentCodecProvider{}, CollectionCodecProvider{}, IterableCodecProvider{}, MapCodecProvider{}, GeoJsonCodecProvider{}, GridFSFileCodecProvider{}, Jsr310CodecProvider{}, JsonObjectCodecProvider{}, BsonCodecProvider{}, EnumCodecProvider{}, com.mongodb.client.model.mql.ExpressionCodecProvider@50b734c4, com.mongodb.Jep395RecordCodecProvider@2744dcae, com.mongodb.KotlinCodecProvider@16d0e521]}, loggerSettings=LoggerSettings{maxDocumentLength=1000}, clusterSettings={hosts=[127.0.0.1:27017], srvHost=diegocediel.i4hwabn.mongodb.net, srvServiceName=mongodb, mode=MULTIPLE, requiredClusterType=REPLICA_SET, requiredReplicaSetName='atlas-aojykr-shard-0', serverSelector='null', clusterListeners='[]', serverSelectionTimeout='30000 ms', localThreshold='15 ms'}, socketSettings=SocketSettings{connectTimeoutMS=10000, readTimeoutMS=0, receiveBufferSize=0, proxySettings=ProxySettings{host=null, port=null, username=null, password=null}}, heartbeatSocketSettings=SocketSettings{connectTimeoutMS=10000, readTimeoutMS=10000, receiveBufferSize=0, proxySettings=ProxySettings{host=null, port=null, username=null, password=null}}, connectionPoolSettings=ConnectionPoolSettings{maxSize=100, minSize=0, maxWaitTimeMS=120000, maxConnectionLifeTimeMS=0, maxConnectionIdleTimeMS=0, maintenanceInitialDelayMS=0, maintenanceFrequencyMS=60000, connectionPoolListeners=[], maxConnecting=2}, serverSettings=ServerSettings{heartbeatFrequencyMS=10000, minHeartbeatFrequencyMS=500, serverListeners='[]', serverMonitorListeners='[]'}, sslSettings=SslSettings{enabled=true, invalidHostNameAllowed=false, context=null}, applicationName='null', compressorList=[], uuidRepresentation=JAVA_LEGACY, serverApi=null, autoEncryptionSettings=null, dnsClient=null, inetAddressResolver=null, contextProvider=null}
2024-09-12T21:15:48.533-05:00  INFO 13272 --- [Learning_Java] [abn.mongodb.net] org.mongodb.driver.cluster               : Adding discovered server ac-ws4x5nn-shard-00-00.i4hwabn.mongodb.net:27017 to client view of cluster
2024-09-12T21:15:48.700-05:00  INFO 13272 --- [Learning_Java] [abn.mongodb.net] org.mongodb.driver.cluster               : Adding discovered server ac-ws4x5nn-shard-00-02.i4hwabn.mongodb.net:27017 to client view of cluster
2024-09-12T21:15:51.943-05:00  INFO 13272 --- [Learning_Java] [ngodb.net:27017] org.mongodb.driver.cluster               : Monitor thread successfully connected to server with description ServerDescription{address=ac-ws4x5nn-shard-00-01.i4hwabn.mongodb.net:27017, type=REPLICA_SET_SECONDARY, state=CONNECTED, ok=true, minWireVersion=0, maxWireVersion=21, maxDocumentSize=16777216, logicalSessionTimeoutMinutes=30, roundTripTimeNanos=1423072700, setName='atlas-aojykr-shard-0', canonicalAddress=ac-ws4x5nn-shard-00-01.i4hwabn.mongodb.net:27017, hosts=[ac-ws4x5nn-shard-00-01.i4hwabn.mongodb.net:27017, ac-ws4x5nn-shard-00-02.i4hwabn.mongodb.net:27017, ac-ws4x5nn-shard-00-00.i4hwabn.mongodb.net:27017], passives=[], arbiters=[], primary='ac-ws4x5nn-shard-00-02.i4hwabn.mongodb.net:27017', tagSet=TagSet{[Tag{name='availabilityZone', value='use1-az2'}, Tag{name='diskState', value='READY'}, Tag{name='nodeType', value='ELECTABLE'}, Tag{name='provider', value='AWS'}, Tag{name='region', value='US_EAST_1'}, Tag{name='workloadType', value='OPERATIONAL'}]}, electionId=null, setVersion=231, topologyVersion=TopologyVersion{processId=66e329bac2c6fdddf85dbdca, counter=5}, lastWriteDate=Thu Sep 12 21:15:52 COT 2024, lastUpdateTimeNanos=25022865244300}
2024-09-12T21:15:51.947-05:00  INFO 13272 --- [Learning_Java] [ngodb.net:27017] org.mongodb.driver.cluster               : Monitor thread successfully connected to server with description ServerDescription{address=ac-ws4x5nn-shard-00-00.i4hwabn.mongodb.net:27017, type=REPLICA_SET_SECONDARY, state=CONNECTED, ok=true, minWireVersion=0, maxWireVersion=21, maxDocumentSize=16777216, logicalSessionTimeoutMinutes=30, roundTripTimeNanos=1439064200, setName='atlas-aojykr-shard-0', canonicalAddress=ac-ws4x5nn-shard-00-00.i4hwabn.mongodb.net:27017, hosts=[ac-ws4x5nn-shard-00-01.i4hwabn.mongodb.net:27017, ac-ws4x5nn-shard-00-02.i4hwabn.mongodb.net:27017, ac-ws4x5nn-shard-00-00.i4hwabn.mongodb.net:27017], passives=[], arbiters=[], primary='ac-ws4x5nn-shard-00-02.i4hwabn.mongodb.net:27017', tagSet=TagSet{[Tag{name='availabilityZone', value='use1-az1'}, Tag{name='diskState', value='READY'}, Tag{name='nodeType', value='ELECTABLE'}, Tag{name='provider', value='AWS'}, Tag{name='region', value='US_EAST_1'}, Tag{name='workloadType', value='OPERATIONAL'}]}, electionId=null, setVersion=231, topologyVersion=TopologyVersion{processId=66e3286ae909cb603e4bc161, counter=5}, lastWriteDate=Thu Sep 12 21:15:51 COT 2024, lastUpdateTimeNanos=25022881461200}
2024-09-12T21:15:51.949-05:00  INFO 13272 --- [Learning_Java] [ngodb.net:27017] org.mongodb.driver.cluster               : Monitor thread successfully connected to server with description ServerDescription{address=ac-ws4x5nn-shard-00-02.i4hwabn.mongodb.net:27017, type=REPLICA_SET_PRIMARY, state=CONNECTED, ok=true, minWireVersion=0, maxWireVersion=21, maxDocumentSize=16777216, logicalSessionTimeoutMinutes=30, roundTripTimeNanos=1423138700, setName='atlas-aojykr-shard-0', canonicalAddress=ac-ws4x5nn-shard-00-02.i4hwabn.mongodb.net:27017, hosts=[ac-ws4x5nn-shard-00-01.i4hwabn.mongodb.net:27017, ac-ws4x5nn-shard-00-02.i4hwabn.mongodb.net:27017, ac-ws4x5nn-shard-00-00.i4hwabn.mongodb.net:27017], passives=[], arbiters=[], primary='ac-ws4x5nn-shard-00-02.i4hwabn.mongodb.net:27017', tagSet=TagSet{[Tag{name='availabilityZone', value='use1-az5'}, Tag{name='diskState', value='READY'}, Tag{name='nodeType', value='ELECTABLE'}, Tag{name='provider', value='AWS'}, Tag{name='region', value='US_EAST_1'}, Tag{name='workloadType', value='OPERATIONAL'}]}, electionId=7fffffff00000000000001b6, setVersion=231, topologyVersion=TopologyVersion{processId=66e327629ca78c6ab3da9af4, counter=9}, lastWriteDate=Thu Sep 12 21:15:51 COT 2024, lastUpdateTimeNanos=25022867329600}
2024-09-12T21:15:51.974-05:00  INFO 13272 --- [Learning_Java] [ngodb.net:27017] org.mongodb.driver.cluster               : Discovered replica set primary ac-ws4x5nn-shard-00-02.i4hwabn.mongodb.net:27017 with max election id 7fffffff00000000000001b6 and max set version 231
2024-09-12T21:15:53.042-05:00  INFO 13272 --- [Learning_Java] [           main] r$InitializeUserDetailsManagerConfigurer : Global AuthenticationManager configured with UserDetailsService bean with name userService
2024-09-12T21:15:57.887-05:00  INFO 13272 --- [Learning_Java] [           main] c.l.app.LearningJavaApplicationTests     : Started LearningJavaApplicationTests in 23.711 seconds (process running for 32.328)
]]></system-out>
  </testcase>
</testsuite>